<?xml version="1.0" encoding="UTF-8"?>
<testsuite hostname="anands-MacBook-Air.local" name="Regression.VerifyTitle" tests="4" failures="0" timestamp="18 Feb 2019 03:55:32 GMT" time="55.387" errors="0">
  <testcase name="CreateClientFromMenu" time="17.61" classname="Regression.VerifyTitle"/>
  <testcase name="CreateClientShortcutButton" time="10.022" classname="Regression.VerifyTitle"/>
  <testcase name="CreateCandidateFromMenu" time="6.093" classname="Regression.VerifyTitle"/>
  <testcase name="CreateCandidateShortcutButton" time="6.241" classname="Regression.VerifyTitle"/>
</testsuite>
