<?xml version="1.0" encoding="UTF-8"?>
<testsuite hostname="anands-MacBook-Air.local" name="Regression.VerifyTitle" tests="4" failures="0" timestamp="18 Feb 2019 07:40:26 GMT" time="62.89" errors="0">
  <testcase name="CreateClientFromMenu" time="6.928" classname="Regression.VerifyTitle"/>
  <testcase name="CreateClientShortcutButton" time="10.003" classname="Regression.VerifyTitle"/>
  <testcase name="CreateCandidateFromMenu" time="6.184" classname="Regression.VerifyTitle"/>
  <testcase name="CreateCandidateShortcutButton" time="26.78" classname="Regression.VerifyTitle"/>
</testsuite>
