<?xml version="1.0" encoding="UTF-8"?>
<testng-results skipped="0" failed="0" total="1" passed="1">
  <reporter-output>
  </reporter-output>
  <suite name="Suite" duration-ms="16781" started-at="2019-02-15T15:21:18Z" finished-at="2019-02-15T15:21:35Z">
    <groups>
    </groups>
    <test name="Test" duration-ms="16781" started-at="2019-02-15T15:21:18Z" finished-at="2019-02-15T15:21:35Z">
      <class name="Regression.VerifyTitle">
        <test-method status="PASS" signature="ClickEditTab()" name="ClickEditTab" duration-ms="16769" started-at="2019-02-15T15:21:18Z" finished-at="2019-02-15T15:21:35Z">
        </test-method>
      </class>
    </test>
  </suite>
</testng-results>
